<?xml version="1.0" encoding="UTF-8"?>
<!-- Generated by org.testng.reporters.JUnitXMLReporter -->
<testsuite hostname="DESKTOP-J79O4OK" ignored="0" tests="5" failures="0" timestamp="2020-07-10T02:22:57 EET" time="67.742" errors="0">
  <testcase name="Test1" time="9.472" classname="MyTest"/>
  <testcase name="Test2" time="9.725" classname="MyTest"/>
  <testcase name="Test3" time="27.646" classname="MyTest"/>
  <testcase name="Test4" time="5.265" classname="MyTest"/>
  <testcase name="Test5" time="5.061" classname="MyTest"/>
</testsuite>
